<?xml version="1.0" encoding="UTF-8"?>
<!-- Generated by org.testng.reporters.JUnitXMLReporter -->
<testsuite hostname="Sathiyanands-MacBook-Pro.local" ignored="0" name="RegisterCustomerTest" tests="1" failures="1" timestamp="2020-08-10T16:39:44 CDT" time="3.041" errors="0">
  <testcase name="RegisterCustomer" time="3.023" classname="project1.testCases.RegisterCustomerTest">
    <failure type="java.lang.AssertionError" message="customer not created">
      <![CDATA[java.lang.AssertionError: customer not created
at org.junit.Assert.fail(Assert.java:88)
at project1.testCases.RegisterCustomerTest.RegisterCustomer(RegisterCustomerTest.java:39)
at java.util.ArrayList.forEach(ArrayList.java:1259)
... Removed 27 stack frames]]>
    </failure>
  </testcase> <!-- RegisterCustomer -->
</testsuite> <!-- RegisterCustomerTest -->
